<?xml version="1.0" encoding="UTF-8"?>
<testsuite name="Cucumber" time="3.692" tests="1" skipped="0" failures="0" errors="0">
<testcase classname="Romania Home page scenarios" name="Available versions" time="3.505">
<system-out><![CDATA[
Given I am on Catalog 'Home' page...........................................passed
When Looking into the list of available versions............................passed
Then I find the list of available versions..................................passed
]]></system-out>
</testcase>
</testsuite>
